<?xml version="1.0" encoding="UTF-8"?>
<!-- Generated by org.testng.reporters.JUnitXMLReporter -->
<testsuite ignored="0" hostname="LAPTOP-HSEDIC80" failures="0" tests="7" name="Default test" time="0.208" errors="0" timestamp="2023-03-08T13:04:53 IST">
  <testcase classname="com.honohr.pulse.base.test.BaseHonoPulseAutomationTest" name="@BeforeSuite initTestData" time="-1.678260893115E9">
    <failure type="org.testng.TestNGException" message="
Parameter &amp;apos;siteURL&amp;apos; is required by BeforeSuite on method initTestData but has not been marked @Optional or defined
in C:\Users\ASUS\AppData\Local\Temp\testng-eclipse-1163638278\testng-customsuite.xml">
      <![CDATA[org.testng.TestNGException: 
Parameter 'siteURL' is required by BeforeSuite on method initTestData but has not been marked @Optional or defined
in C:\Users\ASUS\AppData\Local\Temp\testng-eclipse-1163638278\testng-customsuite.xml
at org.testng.internal.Parameters.createParams(Parameters.java:268)
at org.testng.internal.Parameters.createParametersForMethod(Parameters.java:356)
at org.testng.internal.Parameters.createParameters(Parameters.java:700)
at org.testng.internal.Parameters.createConfigurationParameters(Parameters.java:166)
at org.testng.internal.ConfigInvoker.invokeConfigurations(ConfigInvoker.java:301)
at org.testng.SuiteRunner.privateRun(SuiteRunner.java:327)
at org.testng.SuiteRunner.run(SuiteRunner.java:286)
at org.testng.SuiteRunnerWorker.runSuite(SuiteRunnerWorker.java:53)
at org.testng.SuiteRunnerWorker.run(SuiteRunnerWorker.java:96)
at org.testng.TestNG.runSuitesSequentially(TestNG.java:1218)
at org.testng.TestNG.runSuitesLocally(TestNG.java:1140)
at org.testng.TestNG.runSuites(TestNG.java:1069)
at org.testng.TestNG.run(TestNG.java:1037)
at org.testng.remote.AbstractRemoteTestNG.run(AbstractRemoteTestNG.java:115)
at org.testng.remote.RemoteTestNG.initAndRun(RemoteTestNG.java:251)
at org.testng.remote.RemoteTestNG.main(RemoteTestNG.java:77)
]]>
    </failure>
  </testcase> <!-- @BeforeSuite initTestData -->
  <testcase classname="com.honohr.pulse.configuration.test.HonohrPulseCreateSurveyDefineEngagementParameterTest" name="@BeforeTest initMethodTest" time="-1.678260893436E9">
    <skipped/>
  </testcase> <!-- @BeforeTest initMethodTest -->
  <testcase classname="com.honohr.pulse.configuration.test.HonohrPulseCreateSurveyDefineEngagementParameterTest" name="verifyConfiguration" time="0.0">
    <skipped/>
  </testcase> <!-- verifyConfiguration -->
  <testcase classname="com.honohr.pulse.configuration.test.HonohrPulseCreateSurveyDefineEngagementParameterTest" name="verifyAddNewEngagementParameterWithEmptyFields" time="0.0">
    <skipped/>
  </testcase> <!-- verifyAddNewEngagementParameterWithEmptyFields -->
  <testcase classname="com.honohr.pulse.configuration.test.HonohrPulseCreateSurveyDefineEngagementParameterTest" name="verifyAddNewEngagementParameterWithOnlyEngagementParameterName" time="0.0">
    <skipped/>
  </testcase> <!-- verifyAddNewEngagementParameterWithOnlyEngagementParameterName -->
  <testcase classname="com.honohr.pulse.configuration.test.HonohrPulseCreateSurveyDefineEngagementParameterTest" name="verifyAddNewEngagementParameterWithoutEngagementParameterName" time="0.0">
    <skipped/>
  </testcase> <!-- verifyAddNewEngagementParameterWithoutEngagementParameterName -->
  <testcase classname="com.honohr.pulse.configuration.test.HonohrPulseCreateSurveyDefineEngagementParameterTest" name="verifyAddNewEngagementParameterWithoutScaleEndValue" time="0.0">
    <skipped/>
  </testcase> <!-- verifyAddNewEngagementParameterWithoutScaleEndValue -->
  <testcase classname="com.honohr.pulse.configuration.test.HonohrPulseCreateSurveyDefineEngagementParameterTest" name="verifyAddNewEngagementParameterWithoutScaleStartValue" time="0.0">
    <skipped/>
  </testcase> <!-- verifyAddNewEngagementParameterWithoutScaleStartValue -->
  <testcase classname="com.honohr.pulse.configuration.test.HonohrPulseCreateSurveyDefineEngagementParameterTest" name="verifyAddNewEngagementParameterWithAllValues" time="0.0">
    <skipped/>
  </testcase> <!-- verifyAddNewEngagementParameterWithAllValues -->
</testsuite> <!-- Default test -->
